<?xml version="1.0" encoding="UTF-8"?>
<!-- Generated by org.testng.reporters.JUnitReportReporter -->
<testsuite hostname="ip-10-3-1-41.ap-south-1.compute.internal" failures="0" tests="2" name="Tests.LaunchDemoApi" time="8.964" errors="0" timestamp="2023-04-13T16:38:41 IST" skipped="0">
  <testcase classname="Tests.LaunchDemoApi" name="checkTextValue" time="4.617"/>
  <system-out/>
  <testcase classname="Tests.LaunchDemoApi" name="invalidCase" time="4.347"/>
  <system-out/>
</testsuite> <!-- Tests.LaunchDemoApi -->
